<?xml version="1.0" encoding="UTF-8"?>
<!-- Generated by org.testng.reporters.JUnitReportReporter -->
<testsuite hostname="pabi" failures="0" tests="4" name="gbuxssCreation.Tests.SubmitOrderTest" time="38.864" errors="0" timestamp="2022-10-04T09:59:34 CDT" skipped="0">
  <testcase classname="gbuxssCreation.Tests.SubmitOrderTest" name="verifyOrders" time="6.894"/>
  <system-out/>
  <testcase classname="gbuxssCreation.Tests.SubmitOrderTest" name="submitOrder" time="11.580"/>
  <system-out/>
  <testcase classname="gbuxssCreation.Tests.SubmitOrderTest" name="verifyOrders" time="9.561"/>
  <system-out/>
  <testcase classname="gbuxssCreation.Tests.SubmitOrderTest" name="submitOrder" time="10.829"/>
  <system-out/>
</testsuite> <!-- gbuxssCreation.Tests.SubmitOrderTest -->
