<?xml version="1.0" encoding="UTF-8"?>
<!-- Generated by org.testng.reporters.JUnitReportReporter -->
<testsuite hostname="pabi" failures="0" tests="2" name="gbuxssCreation.Tests.SubmitOrder" time="21.624" errors="0" timestamp="2022-09-27T08:44:22 CDT" skipped="0">
  <testcase classname="gbuxssCreation.Tests.SubmitOrder" name="submitOrder" time="11.736"/>
  <system-out/>
  <testcase classname="gbuxssCreation.Tests.SubmitOrder" name="verifyOrders" time="9.888"/>
  <system-out/>
</testsuite> <!-- gbuxssCreation.Tests.SubmitOrder -->
