<?xml version="1.0" encoding="UTF-8"?>
<!-- Generated by org.testng.reporters.JUnitReportReporter -->
<testsuite hostname="pabi" failures="0" tests="4" name="gbuxssCreation.Tests.ErrorValidationTest" time="33.044" errors="0" timestamp="2022-10-04T09:59:34 CDT" skipped="0">
  <testcase classname="gbuxssCreation.Tests.ErrorValidationTest" name="loginValidation" time="6.745"/>
  <system-out/>
  <testcase classname="gbuxssCreation.Tests.ErrorValidationTest" name="validatecorrectProdct" time="11.511"/>
  <system-out/>
  <testcase classname="gbuxssCreation.Tests.ErrorValidationTest" name="loginValidation" time="5.969"/>
  <system-out/>
  <testcase classname="gbuxssCreation.Tests.ErrorValidationTest" name="validatecorrectProdct" time="8.819"/>
  <system-out/>
</testsuite> <!-- gbuxssCreation.Tests.ErrorValidationTest -->
