<?xml version="1.0" encoding="UTF-8"?>
<!-- Generated by org.testng.reporters.JUnitReportReporter -->
<testsuite hostname="pabi" failures="0" tests="4" name="gbuxssCreation.Tests.SubmitOrderTest" time="40.055" errors="0" timestamp="2022-10-04T11:08:13 CDT" skipped="0">
  <testcase classname="gbuxssCreation.Tests.SubmitOrderTest" name="submitOrder" time="14.460"/>
  <system-out/>
  <testcase classname="gbuxssCreation.Tests.SubmitOrderTest" name="verifyOrders" time="7.313"/>
  <system-out/>
  <testcase classname="gbuxssCreation.Tests.SubmitOrderTest" name="verifyOrders" time="6.687"/>
  <system-out/>
  <testcase classname="gbuxssCreation.Tests.SubmitOrderTest" name="submitOrder" time="11.595"/>
  <system-out/>
</testsuite> <!-- gbuxssCreation.Tests.SubmitOrderTest -->
