<?xml version="1.0" encoding="UTF-8"?>
<!-- Generated by org.testng.reporters.JUnitReportReporter -->
<testsuite hostname="pabi" failures="0" tests="4" name="gbuxssCreation.Tests.ErrorValidationTest" time="34.680" errors="0" timestamp="2022-10-04T11:08:13 CDT" skipped="0">
  <testcase classname="gbuxssCreation.Tests.ErrorValidationTest" name="loginValidation" time="9.434"/>
  <system-out/>
  <testcase classname="gbuxssCreation.Tests.ErrorValidationTest" name="validatecorrectProdct" time="9.957"/>
  <system-out/>
  <testcase classname="gbuxssCreation.Tests.ErrorValidationTest" name="validatecorrectProdct" time="8.659"/>
  <system-out/>
  <testcase classname="gbuxssCreation.Tests.ErrorValidationTest" name="loginValidation" time="6.630"/>
  <system-out/>
</testsuite> <!-- gbuxssCreation.Tests.ErrorValidationTest -->
